#! /usr/bin/vvp
:ivl_version "10.1 (stable)";
:ivl_delay_selection "TYPICAL";
:vpi_time_precision - 6;
:vpi_module "system";
:vpi_module "vhdl_sys";
:vpi_module "v2005_math";
:vpi_module "va_math";
S_0x5621f8438d60 .scope module, "VGA" "VGA" 2 1;
 .timescale -6 -6;
    .port_info 0 /INPUT 1 "clk"
    .port_info 1 /INPUT 1 "rIn"
    .port_info 2 /INPUT 1 "gIn"
    .port_info 3 /INPUT 1 "bIn"
    .port_info 4 /OUTPUT 1 "vsync"
    .port_info 5 /OUTPUT 1 "hsync"
    .port_info 6 /OUTPUT 1 "r"
    .port_info 7 /OUTPUT 1 "g"
    .port_info 8 /OUTPUT 1 "b"
v0x5621f8459df0_0 .net "b", 0 0, v0x5621f8433960_0;  1 drivers
o0x7fb1deed0048 .functor BUFZ 1, C4<z>; HiZ drive
v0x5621f8459ec0_0 .net "bIn", 0 0, o0x7fb1deed0048;  0 drivers
o0x7fb1deed0078 .functor BUFZ 1, C4<z>; HiZ drive
v0x5621f8459f90_0 .net "clk", 0 0, o0x7fb1deed0078;  0 drivers
v0x5621f845a060_0 .net "g", 0 0, v0x5621f84307e0_0;  1 drivers
o0x7fb1deed00d8 .functor BUFZ 1, C4<z>; HiZ drive
v0x5621f845a130_0 .net "gIn", 0 0, o0x7fb1deed00d8;  0 drivers
v0x5621f845a220_0 .net "hDisplay", 0 0, v0x5621f84590b0_0;  1 drivers
v0x5621f845a310_0 .net "hsync", 0 0, v0x5621f8459180_0;  1 drivers
v0x5621f845a3b0_0 .net "r", 0 0, v0x5621f84587d0_0;  1 drivers
o0x7fb1deed0198 .functor BUFZ 1, C4<z>; HiZ drive
v0x5621f845a480_0 .net "rIn", 0 0, o0x7fb1deed0198;  0 drivers
v0x5621f845a550_0 .net "vDisplay", 0 0, v0x5621f8459c20_0;  1 drivers
v0x5621f845a5f0_0 .net "vsync", 0 0, v0x5621f8459cf0_0;  1 drivers
S_0x5621f8439140 .scope module, "myRGB" "RGB" 2 8, 3 1 0, S_0x5621f8438d60;
 .timescale -6 -6;
    .port_info 0 /INPUT 1 "clk"
    .port_info 1 /INPUT 1 "vdisplay"
    .port_info 2 /INPUT 1 "hdisplay"
    .port_info 3 /INPUT 1 "rIn"
    .port_info 4 /INPUT 1 "gIn"
    .port_info 5 /INPUT 1 "bIn"
    .port_info 6 /OUTPUT 1 "r"
    .port_info 7 /OUTPUT 1 "g"
    .port_info 8 /OUTPUT 1 "b"
v0x5621f8433960_0 .var "b", 0 0;
v0x5621f84360e0_0 .net "bIn", 0 0, o0x7fb1deed0048;  alias, 0 drivers
v0x5621f842eea0_0 .net "clk", 0 0, o0x7fb1deed0078;  alias, 0 drivers
v0x5621f84307e0_0 .var "g", 0 0;
v0x5621f8458520_0 .net "gIn", 0 0, o0x7fb1deed00d8;  alias, 0 drivers
v0x5621f8458630_0 .net "hdisplay", 0 0, v0x5621f84590b0_0;  alias, 1 drivers
v0x5621f84586f0_0 .var/i "i", 31 0;
v0x5621f84587d0_0 .var "r", 0 0;
v0x5621f8458890_0 .net "rIn", 0 0, o0x7fb1deed0198;  alias, 0 drivers
v0x5621f8458950_0 .net "vdisplay", 0 0, v0x5621f8459c20_0;  alias, 1 drivers
E_0x5621f84114e0 .event posedge, v0x5621f842eea0_0;
S_0x5621f8458b30 .scope module, "myhsync" "Hsync" 2 7, 4 1 0, S_0x5621f8438d60;
 .timescale -6 -6;
    .port_info 0 /INPUT 1 "clk"
    .port_info 1 /OUTPUT 1 "hDisplay"
    .port_info 2 /OUTPUT 1 "hsync"
P_0x5621f8436ba0 .param/l "H_BPORCH" 0 4 4, +C4<00000000000000000000000000110000>;
P_0x5621f8436be0 .param/l "H_DISPLAY" 0 4 4, +C4<00000000000000000000001010000000>;
P_0x5621f8436c20 .param/l "H_FPORCH" 0 4 4, +C4<00000000000000000000000000010000>;
P_0x5621f8436c60 .param/l "H_SYNC" 0 4 4, +C4<00000000000000000000001100100000>;
P_0x5621f8436ca0 .param/l "H_SYNCPULSE" 0 4 4, +C4<00000000000000000000000001100000>;
v0x5621f8458fc0_0 .net "clk", 0 0, o0x7fb1deed0078;  alias, 0 drivers
v0x5621f84590b0_0 .var "hDisplay", 0 0;
v0x5621f8459180_0 .var "hsync", 0 0;
v0x5621f8459250_0 .var/i "i", 31 0;
S_0x5621f8459370 .scope module, "myvsync" "Vsync" 2 6, 5 1 0, S_0x5621f8438d60;
 .timescale -6 -6;
    .port_info 0 /INPUT 1 "clk"
    .port_info 1 /OUTPUT 1 "vDisplay"
    .port_info 2 /OUTPUT 1 "vsync"
P_0x5621f8459570 .param/l "H_SYNC" 0 5 5, +C4<00000000000000000000001100100000>;
P_0x5621f84595b0 .param/l "V_BPORCH" 0 5 4, +C4<00000000000000000000000000100001>;
P_0x5621f84595f0 .param/l "V_DISPLAY" 0 5 4, +C4<00000000000000000000000111100000>;
P_0x5621f8459630 .param/l "V_FPORCH" 0 5 4, +C4<00000000000000000000000000001010>;
P_0x5621f8459670 .param/l "V_SYNC" 0 5 4, +C4<00000000000000000000001000001101>;
P_0x5621f84596b0 .param/l "V_SYNCPULSE" 0 5 4, +C4<00000000000000000000000000000010>;
v0x5621f8459a50_0 .net "clk", 0 0, o0x7fb1deed0078;  alias, 0 drivers
v0x5621f8459b40_0 .var/i "i", 31 0;
v0x5621f8459c20_0 .var "vDisplay", 0 0;
v0x5621f8459cf0_0 .var "vsync", 0 0;
S_0x5621f8438fc0 .scope module, "tester" "tester" 6 3;
 .timescale -6 -6;
v0x5621f845cdc0_0 .net "b", 0 0, v0x5621f845ba50_0;  1 drivers
v0x5621f845ce90_0 .var "bIn", 0 0;
v0x5621f845cf60_0 .net "clk", 0 0, v0x5621f845ac10_0;  1 drivers
v0x5621f845d030_0 .var "dummy", 0 0;
v0x5621f845d0d0_0 .var "dumpfile_path", 512 0;
v0x5621f845d170_0 .net "g", 0 0, v0x5621f845bcd0_0;  1 drivers
v0x5621f845d210_0 .var "gIn", 0 0;
v0x5621f845d2e0_0 .net "hDisplay", 0 0, v0x5621f845b450_0;  1 drivers
v0x5621f845d3d0_0 .net "hsync", 0 0, v0x5621f845b4f0_0;  1 drivers
v0x5621f845d500_0 .net "r", 0 0, v0x5621f845bfe0_0;  1 drivers
v0x5621f845d5d0_0 .var "rIn", 0 0;
v0x5621f845d6a0_0 .net "vDisplay", 0 0, v0x5621f845cbc0_0;  1 drivers
v0x5621f845d740_0 .net "vsync", 0 0, v0x5621f845ccc0_0;  1 drivers
S_0x5621f845a6e0 .scope module, "myclk" "ClockGen" 6 6, 7 3 0, S_0x5621f8438fc0;
 .timescale -6 -6;
    .port_info 0 /OUTPUT 1 "clk"
P_0x5621f845a880 .param/l "PERIOD" 0 7 5, +C4<00000000000000000000000000001010>;
v0x5621f845ac10_0 .var "clk", 0 0;
S_0x5621f845aa20 .scope begin, "CLOCK_DRIVER" "CLOCK_DRIVER" 7 10, 7 10 0, S_0x5621f845a6e0;
 .timescale -6 -6;
S_0x5621f845ad30 .scope module, "myhsync" "Hsync" 6 8, 4 1 0, S_0x5621f8438fc0;
 .timescale -6 -6;
    .port_info 0 /INPUT 1 "clk"
    .port_info 1 /OUTPUT 1 "hDisplay"
    .port_info 2 /OUTPUT 1 "hsync"
P_0x5621f845af00 .param/l "H_BPORCH" 0 4 4, +C4<00000000000000000000000000110000>;
P_0x5621f845af40 .param/l "H_DISPLAY" 0 4 4, +C4<00000000000000000000001010000000>;
P_0x5621f845af80 .param/l "H_FPORCH" 0 4 4, +C4<00000000000000000000000000010000>;
P_0x5621f845afc0 .param/l "H_SYNC" 0 4 4, +C4<00000000000000000000001100100000>;
P_0x5621f845b000 .param/l "H_SYNCPULSE" 0 4 4, +C4<00000000000000000000000001100000>;
v0x5621f845b360_0 .net "clk", 0 0, v0x5621f845ac10_0;  alias, 1 drivers
v0x5621f845b450_0 .var "hDisplay", 0 0;
v0x5621f845b4f0_0 .var "hsync", 0 0;
v0x5621f845b5c0_0 .var/i "i", 31 0;
E_0x5621f8411640 .event posedge, v0x5621f845ac10_0;
S_0x5621f845b720 .scope module, "myrgb" "RGB" 6 9, 3 1 0, S_0x5621f8438fc0;
 .timescale -6 -6;
    .port_info 0 /INPUT 1 "clk"
    .port_info 1 /INPUT 1 "vdisplay"
    .port_info 2 /INPUT 1 "hdisplay"
    .port_info 3 /INPUT 1 "rIn"
    .port_info 4 /INPUT 1 "gIn"
    .port_info 5 /INPUT 1 "bIn"
    .port_info 6 /OUTPUT 1 "r"
    .port_info 7 /OUTPUT 1 "g"
    .port_info 8 /OUTPUT 1 "b"
v0x5621f845ba50_0 .var "b", 0 0;
v0x5621f845baf0_0 .net "bIn", 0 0, v0x5621f845ce90_0;  1 drivers
v0x5621f845bbb0_0 .net "clk", 0 0, v0x5621f845ac10_0;  alias, 1 drivers
v0x5621f845bcd0_0 .var "g", 0 0;
v0x5621f845bd70_0 .net "gIn", 0 0, v0x5621f845d210_0;  1 drivers
v0x5621f845be80_0 .net "hdisplay", 0 0, v0x5621f845b450_0;  alias, 1 drivers
v0x5621f845bf20_0 .var/i "i", 31 0;
v0x5621f845bfe0_0 .var "r", 0 0;
v0x5621f845c0a0_0 .net "rIn", 0 0, v0x5621f845d5d0_0;  1 drivers
v0x5621f845c160_0 .net "vdisplay", 0 0, v0x5621f845cbc0_0;  alias, 1 drivers
S_0x5621f845c340 .scope module, "myvsync" "Vsync" 6 7, 5 1 0, S_0x5621f8438fc0;
 .timescale -6 -6;
    .port_info 0 /INPUT 1 "clk"
    .port_info 1 /OUTPUT 1 "vDisplay"
    .port_info 2 /OUTPUT 1 "vsync"
P_0x5621f845c4c0 .param/l "H_SYNC" 0 5 5, +C4<00000000000000000000001100100000>;
P_0x5621f845c500 .param/l "V_BPORCH" 0 5 4, +C4<00000000000000000000000000100001>;
P_0x5621f845c540 .param/l "V_DISPLAY" 0 5 4, +C4<00000000000000000000000111100000>;
P_0x5621f845c580 .param/l "V_FPORCH" 0 5 4, +C4<00000000000000000000000000001010>;
P_0x5621f845c5c0 .param/l "V_SYNC" 0 5 4, +C4<00000000000000000000001000001101>;
P_0x5621f845c600 .param/l "V_SYNCPULSE" 0 5 4, +C4<00000000000000000000000000000010>;
v0x5621f845ca20_0 .net "clk", 0 0, v0x5621f845ac10_0;  alias, 1 drivers
v0x5621f845cae0_0 .var/i "i", 31 0;
v0x5621f845cbc0_0 .var "vDisplay", 0 0;
v0x5621f845ccc0_0 .var "vsync", 0 0;
    .scope S_0x5621f8459370;
T_0 ;
    %pushi/vec4 0, 0, 32;
    %store/vec4 v0x5621f8459b40_0, 0, 32;
    %end;
    .thread T_0;
    .scope S_0x5621f8459370;
T_1 ;
    %wait E_0x5621f84114e0;
    %load/vec4 v0x5621f8459b40_0;
    %cmpi/s 419999, 0, 32;
    %jmp/0xz  T_1.0, 5;
    %load/vec4 v0x5621f8459b40_0;
    %cmpi/s 1600, 0, 32;
    %jmp/0xz  T_1.2, 5;
    %pushi/vec4 1, 0, 1;
    %store/vec4 v0x5621f8459cf0_0, 0, 1;
    %jmp T_1.3;
T_1.2 ;
    %pushi/vec4 0, 0, 1;
    %store/vec4 v0x5621f8459cf0_0, 0, 1;
T_1.3 ;
    %pushi/vec4 28000, 0, 32;
    %load/vec4 v0x5621f8459b40_0;
    %cmp/s;
    %flag_get/vec4 5;
    %load/vec4 v0x5621f8459b40_0;
    %cmpi/s 412000, 0, 32;
    %flag_get/vec4 5;
    %and;
    %flag_set/vec4 8;
    %jmp/0xz  T_1.4, 8;
    %pushi/vec4 0, 0, 1;
    %store/vec4 v0x5621f8459c20_0, 0, 1;
    %jmp T_1.5;
T_1.4 ;
    %pushi/vec4 1, 0, 1;
    %store/vec4 v0x5621f8459c20_0, 0, 1;
T_1.5 ;
    %load/vec4 v0x5621f8459b40_0;
    %addi 1, 0, 32;
    %store/vec4 v0x5621f8459b40_0, 0, 32;
    %jmp T_1.1;
T_1.0 ;
    %load/vec4 v0x5621f8459b40_0;
    %cmpi/e 419999, 0, 32;
    %jmp/0xz  T_1.6, 4;
    %pushi/vec4 0, 0, 1;
    %store/vec4 v0x5621f8459cf0_0, 0, 1;
    %pushi/vec4 1, 0, 1;
    %store/vec4 v0x5621f8459c20_0, 0, 1;
    %pushi/vec4 0, 0, 32;
    %store/vec4 v0x5621f8459b40_0, 0, 32;
T_1.6 ;
T_1.1 ;
    %jmp T_1;
    .thread T_1;
    .scope S_0x5621f8458b30;
T_2 ;
    %pushi/vec4 0, 0, 32;
    %store/vec4 v0x5621f8459250_0, 0, 32;
    %end;
    .thread T_2;
    .scope S_0x5621f8458b30;
T_3 ;
    %wait E_0x5621f84114e0;
    %load/vec4 v0x5621f8459250_0;
    %cmpi/s 799, 0, 32;
    %jmp/0xz  T_3.0, 5;
    %load/vec4 v0x5621f8459250_0;
    %cmpi/s 96, 0, 32;
    %jmp/0xz  T_3.2, 5;
    %pushi/vec4 1, 0, 1;
    %store/vec4 v0x5621f8459180_0, 0, 1;
    %jmp T_3.3;
T_3.2 ;
    %pushi/vec4 0, 0, 1;
    %store/vec4 v0x5621f8459180_0, 0, 1;
T_3.3 ;
    %pushi/vec4 144, 0, 32;
    %load/vec4 v0x5621f8459250_0;
    %cmp/s;
    %flag_get/vec4 5;
    %load/vec4 v0x5621f8459250_0;
    %cmpi/s 784, 0, 32;
    %flag_get/vec4 5;
    %and;
    %flag_set/vec4 8;
    %jmp/0xz  T_3.4, 8;
    %pushi/vec4 0, 0, 1;
    %store/vec4 v0x5621f84590b0_0, 0, 1;
    %jmp T_3.5;
T_3.4 ;
    %pushi/vec4 1, 0, 1;
    %store/vec4 v0x5621f84590b0_0, 0, 1;
T_3.5 ;
    %load/vec4 v0x5621f8459250_0;
    %addi 1, 0, 32;
    %store/vec4 v0x5621f8459250_0, 0, 32;
    %jmp T_3.1;
T_3.0 ;
    %load/vec4 v0x5621f8459250_0;
    %cmpi/e 799, 0, 32;
    %jmp/0xz  T_3.6, 4;
    %pushi/vec4 0, 0, 1;
    %store/vec4 v0x5621f8459180_0, 0, 1;
    %pushi/vec4 1, 0, 1;
    %store/vec4 v0x5621f84590b0_0, 0, 1;
    %pushi/vec4 0, 0, 32;
    %store/vec4 v0x5621f8459250_0, 0, 32;
T_3.6 ;
T_3.1 ;
    %jmp T_3;
    .thread T_3;
    .scope S_0x5621f8439140;
T_4 ;
    %pushi/vec4 0, 0, 32;
    %store/vec4 v0x5621f84586f0_0, 0, 32;
    %end;
    .thread T_4;
    .scope S_0x5621f8439140;
T_5 ;
    %wait E_0x5621f84114e0;
    %load/vec4 v0x5621f8458950_0;
    %pad/u 32;
    %pushi/vec4 0, 0, 32;
    %cmp/e;
    %flag_get/vec4 4;
    %load/vec4 v0x5621f8458630_0;
    %pad/u 32;
    %pushi/vec4 0, 0, 32;
    %cmp/e;
    %flag_get/vec4 4;
    %and;
    %flag_set/vec4 8;
    %jmp/0xz  T_5.0, 8;
    %pushi/vec4 1, 0, 1;
    %store/vec4 v0x5621f84587d0_0, 0, 1;
    %pushi/vec4 1, 0, 1;
    %store/vec4 v0x5621f84307e0_0, 0, 1;
    %pushi/vec4 1, 0, 1;
    %store/vec4 v0x5621f8433960_0, 0, 1;
    %jmp T_5.1;
T_5.0 ;
    %pushi/vec4 0, 0, 1;
    %store/vec4 v0x5621f84587d0_0, 0, 1;
    %pushi/vec4 0, 0, 1;
    %store/vec4 v0x5621f84307e0_0, 0, 1;
    %pushi/vec4 0, 0, 1;
    %store/vec4 v0x5621f8433960_0, 0, 1;
T_5.1 ;
    %jmp T_5;
    .thread T_5;
    .scope S_0x5621f845a6e0;
T_6 ;
    %fork t_1, S_0x5621f845aa20;
    %jmp t_0;
    .scope S_0x5621f845aa20;
t_1 ;
    %pushi/vec4 0, 0, 1;
    %assign/vec4 v0x5621f845ac10_0, 0;
    %delay 5, 0;
    %pushi/vec4 1, 0, 1;
    %assign/vec4 v0x5621f845ac10_0, 0;
    %delay 5, 0;
    %end;
    .scope S_0x5621f845a6e0;
t_0 %join;
    %jmp T_6;
    .thread T_6;
    .scope S_0x5621f845c340;
T_7 ;
    %pushi/vec4 0, 0, 32;
    %store/vec4 v0x5621f845cae0_0, 0, 32;
    %end;
    .thread T_7;
    .scope S_0x5621f845c340;
T_8 ;
    %wait E_0x5621f8411640;
    %load/vec4 v0x5621f845cae0_0;
    %cmpi/s 419999, 0, 32;
    %jmp/0xz  T_8.0, 5;
    %load/vec4 v0x5621f845cae0_0;
    %cmpi/s 1600, 0, 32;
    %jmp/0xz  T_8.2, 5;
    %pushi/vec4 1, 0, 1;
    %store/vec4 v0x5621f845ccc0_0, 0, 1;
    %jmp T_8.3;
T_8.2 ;
    %pushi/vec4 0, 0, 1;
    %store/vec4 v0x5621f845ccc0_0, 0, 1;
T_8.3 ;
    %pushi/vec4 28000, 0, 32;
    %load/vec4 v0x5621f845cae0_0;
    %cmp/s;
    %flag_get/vec4 5;
    %load/vec4 v0x5621f845cae0_0;
    %cmpi/s 412000, 0, 32;
    %flag_get/vec4 5;
    %and;
    %flag_set/vec4 8;
    %jmp/0xz  T_8.4, 8;
    %pushi/vec4 0, 0, 1;
    %store/vec4 v0x5621f845cbc0_0, 0, 1;
    %jmp T_8.5;
T_8.4 ;
    %pushi/vec4 1, 0, 1;
    %store/vec4 v0x5621f845cbc0_0, 0, 1;
T_8.5 ;
    %load/vec4 v0x5621f845cae0_0;
    %addi 1, 0, 32;
    %store/vec4 v0x5621f845cae0_0, 0, 32;
    %jmp T_8.1;
T_8.0 ;
    %load/vec4 v0x5621f845cae0_0;
    %cmpi/e 419999, 0, 32;
    %jmp/0xz  T_8.6, 4;
    %pushi/vec4 0, 0, 1;
    %store/vec4 v0x5621f845ccc0_0, 0, 1;
    %pushi/vec4 1, 0, 1;
    %store/vec4 v0x5621f845cbc0_0, 0, 1;
    %pushi/vec4 0, 0, 32;
    %store/vec4 v0x5621f845cae0_0, 0, 32;
T_8.6 ;
T_8.1 ;
    %jmp T_8;
    .thread T_8;
    .scope S_0x5621f845ad30;
T_9 ;
    %pushi/vec4 0, 0, 32;
    %store/vec4 v0x5621f845b5c0_0, 0, 32;
    %end;
    .thread T_9;
    .scope S_0x5621f845ad30;
T_10 ;
    %wait E_0x5621f8411640;
    %load/vec4 v0x5621f845b5c0_0;
    %cmpi/s 799, 0, 32;
    %jmp/0xz  T_10.0, 5;
    %load/vec4 v0x5621f845b5c0_0;
    %cmpi/s 96, 0, 32;
    %jmp/0xz  T_10.2, 5;
    %pushi/vec4 1, 0, 1;
    %store/vec4 v0x5621f845b4f0_0, 0, 1;
    %jmp T_10.3;
T_10.2 ;
    %pushi/vec4 0, 0, 1;
    %store/vec4 v0x5621f845b4f0_0, 0, 1;
T_10.3 ;
    %pushi/vec4 144, 0, 32;
    %load/vec4 v0x5621f845b5c0_0;
    %cmp/s;
    %flag_get/vec4 5;
    %load/vec4 v0x5621f845b5c0_0;
    %cmpi/s 784, 0, 32;
    %flag_get/vec4 5;
    %and;
    %flag_set/vec4 8;
    %jmp/0xz  T_10.4, 8;
    %pushi/vec4 0, 0, 1;
    %store/vec4 v0x5621f845b450_0, 0, 1;
    %jmp T_10.5;
T_10.4 ;
    %pushi/vec4 1, 0, 1;
    %store/vec4 v0x5621f845b450_0, 0, 1;
T_10.5 ;
    %load/vec4 v0x5621f845b5c0_0;
    %addi 1, 0, 32;
    %store/vec4 v0x5621f845b5c0_0, 0, 32;
    %jmp T_10.1;
T_10.0 ;
    %load/vec4 v0x5621f845b5c0_0;
    %cmpi/e 799, 0, 32;
    %jmp/0xz  T_10.6, 4;
    %pushi/vec4 0, 0, 1;
    %store/vec4 v0x5621f845b4f0_0, 0, 1;
    %pushi/vec4 1, 0, 1;
    %store/vec4 v0x5621f845b450_0, 0, 1;
    %pushi/vec4 0, 0, 32;
    %store/vec4 v0x5621f845b5c0_0, 0, 32;
T_10.6 ;
T_10.1 ;
    %jmp T_10;
    .thread T_10;
    .scope S_0x5621f845b720;
T_11 ;
    %pushi/vec4 0, 0, 32;
    %store/vec4 v0x5621f845bf20_0, 0, 32;
    %end;
    .thread T_11;
    .scope S_0x5621f845b720;
T_12 ;
    %wait E_0x5621f8411640;
    %load/vec4 v0x5621f845c160_0;
    %pad/u 32;
    %pushi/vec4 0, 0, 32;
    %cmp/e;
    %flag_get/vec4 4;
    %load/vec4 v0x5621f845be80_0;
    %pad/u 32;
    %pushi/vec4 0, 0, 32;
    %cmp/e;
    %flag_get/vec4 4;
    %and;
    %flag_set/vec4 8;
    %jmp/0xz  T_12.0, 8;
    %pushi/vec4 1, 0, 1;
    %store/vec4 v0x5621f845bfe0_0, 0, 1;
    %pushi/vec4 1, 0, 1;
    %store/vec4 v0x5621f845bcd0_0, 0, 1;
    %pushi/vec4 1, 0, 1;
    %store/vec4 v0x5621f845ba50_0, 0, 1;
    %jmp T_12.1;
T_12.0 ;
    %pushi/vec4 0, 0, 1;
    %store/vec4 v0x5621f845bfe0_0, 0, 1;
    %pushi/vec4 0, 0, 1;
    %store/vec4 v0x5621f845bcd0_0, 0, 1;
    %pushi/vec4 0, 0, 1;
    %store/vec4 v0x5621f845ba50_0, 0, 1;
T_12.1 ;
    %jmp T_12;
    .thread T_12;
    .scope S_0x5621f8438fc0;
T_13 ;
    %pushi/vec4 1, 0, 1;
    %store/vec4 v0x5621f845d5d0_0, 0, 1;
    %end;
    .thread T_13;
    .scope S_0x5621f8438fc0;
T_14 ;
    %pushi/vec4 1, 0, 1;
    %store/vec4 v0x5621f845d210_0, 0, 1;
    %end;
    .thread T_14;
    .scope S_0x5621f8438fc0;
T_15 ;
    %pushi/vec4 1, 0, 1;
    %store/vec4 v0x5621f845ce90_0, 0, 1;
    %end;
    .thread T_15;
    .scope S_0x5621f8438fc0;
T_16 ;
    %delay 3000000, 0;
    %vpi_call 6 13 "$finish" {0 0 0};
    %end;
    .thread T_16;
    .scope S_0x5621f8438fc0;
T_17 ;
    %pushi/vec4 3905611496, 0, 466;
    %concati/vec4 3403963628, 0, 32;
    %concati/vec4 25444, 0, 15;
    %store/vec4 v0x5621f845d0d0_0, 0, 513;
    %end;
    .thread T_17;
    .scope S_0x5621f8438fc0;
T_18 ;
    %vpi_func 6 20 "$value$plusargs" 32, "VCD_PATH=%s", v0x5621f845d0d0_0 {0 0 0};
    %pad/u 1;
    %store/vec4 v0x5621f845d030_0, 0, 1;
    %vpi_call 6 21 "$dumpfile", v0x5621f845d0d0_0 {0 0 0};
    %vpi_call 6 22 "$dumpvars", 32'sb00000000000000000000000000000000, S_0x5621f8438fc0 {0 0 0};
    %end;
    .thread T_18;
# The file index is used to find the file name in the following table.
:file_names 8;
    "N/A";
    "<interactive>";
    "VGA.v";
    "RGB.v";
    "Hsync.v";
    "Vsync.v";
    "tester.v";
    "ClockGen.v";
