Analysis & Synthesis report for TPF00
Wed Nov 21 18:40:57 2018
Quartus Prime Version 18.1.0 Build 625 09/12/2018 SJ Lite Edition


---------------------
; Table of Contents ;
---------------------
  1. Legal Notice
  2. Analysis & Synthesis Summary
  3. Analysis & Synthesis Settings
  4. Parallel Compilation
  5. Analysis & Synthesis IP Cores Summary
  6. Analysis & Synthesis Messages
  7. Analysis & Synthesis Suppressed Messages



----------------
; Legal Notice ;
----------------
Copyright (C) 2018  Intel Corporation. All rights reserved.
Your use of Intel Corporation's design tools, logic functions 
and other software and tools, and its AMPP partner logic 
functions, and any output files from any of the foregoing 
(including device programming or simulation files), and any 
associated documentation or information are expressly subject 
to the terms and conditions of the Intel Program License 
Subscription Agreement, the Intel Quartus Prime License Agreement,
the Intel FPGA IP License Agreement, or other applicable license
agreement, including, without limitation, that your use is for
the sole purpose of programming logic devices manufactured by
Intel and sold by Intel or its authorized distributors.  Please
refer to the applicable agreement for further details.



+----------------------------------------------------------------------------------+
; Analysis & Synthesis Summary                                                     ;
+------------------------------------+---------------------------------------------+
; Analysis & Synthesis Status        ; Failed - Wed Nov 21 18:40:57 2018           ;
; Quartus Prime Version              ; 18.1.0 Build 625 09/12/2018 SJ Lite Edition ;
; Revision Name                      ; TPF00                                       ;
; Top-level Entity Name              ; main                                        ;
; Family                             ; Cyclone IV E                                ;
; Total logic elements               ; N/A until Partition Merge                   ;
;     Total combinational functions  ; N/A until Partition Merge                   ;
;     Dedicated logic registers      ; N/A until Partition Merge                   ;
; Total registers                    ; N/A until Partition Merge                   ;
; Total pins                         ; N/A until Partition Merge                   ;
; Total virtual pins                 ; N/A until Partition Merge                   ;
; Total memory bits                  ; N/A until Partition Merge                   ;
; Embedded Multiplier 9-bit elements ; N/A until Partition Merge                   ;
; Total PLLs                         ; N/A until Partition Merge                   ;
+------------------------------------+---------------------------------------------+


+------------------------------------------------------------------------------------------------------------+
; Analysis & Synthesis Settings                                                                              ;
+------------------------------------------------------------------+--------------------+--------------------+
; Option                                                           ; Setting            ; Default Value      ;
+------------------------------------------------------------------+--------------------+--------------------+
; Device                                                           ; EP4CE22F17C6       ;                    ;
; Top-level entity name                                            ; main               ; TPF00              ;
; Family name                                                      ; Cyclone IV E       ; Cyclone V          ;
; Use smart compilation                                            ; Off                ; Off                ;
; Enable parallel Assembler and Timing Analyzer during compilation ; On                 ; On                 ;
; Enable compact report table                                      ; Off                ; Off                ;
; Restructure Multiplexers                                         ; Auto               ; Auto               ;
; Create Debugging Nodes for IP Cores                              ; Off                ; Off                ;
; Preserve fewer node names                                        ; On                 ; On                 ;
; Intel FPGA IP Evaluation Mode                                    ; Enable             ; Enable             ;
; Verilog Version                                                  ; Verilog_2001       ; Verilog_2001       ;
; VHDL Version                                                     ; VHDL_1993          ; VHDL_1993          ;
; State Machine Processing                                         ; Auto               ; Auto               ;
; Safe State Machine                                               ; Off                ; Off                ;
; Extract Verilog State Machines                                   ; On                 ; On                 ;
; Extract VHDL State Machines                                      ; On                 ; On                 ;
; Ignore Verilog initial constructs                                ; Off                ; Off                ;
; Iteration limit for constant Verilog loops                       ; 5000               ; 5000               ;
; Iteration limit for non-constant Verilog loops                   ; 250                ; 250                ;
; Add Pass-Through Logic to Inferred RAMs                          ; On                 ; On                 ;
; Infer RAMs from Raw Logic                                        ; On                 ; On                 ;
; Parallel Synthesis                                               ; On                 ; On                 ;
; DSP Block Balancing                                              ; Auto               ; Auto               ;
; NOT Gate Push-Back                                               ; On                 ; On                 ;
; Power-Up Don't Care                                              ; On                 ; On                 ;
; Remove Redundant Logic Cells                                     ; Off                ; Off                ;
; Remove Duplicate Registers                                       ; On                 ; On                 ;
; Ignore CARRY Buffers                                             ; Off                ; Off                ;
; Ignore CASCADE Buffers                                           ; Off                ; Off                ;
; Ignore GLOBAL Buffers                                            ; Off                ; Off                ;
; Ignore ROW GLOBAL Buffers                                        ; Off                ; Off                ;
; Ignore LCELL Buffers                                             ; Off                ; Off                ;
; Ignore SOFT Buffers                                              ; On                 ; On                 ;
; Limit AHDL Integers to 32 Bits                                   ; Off                ; Off                ;
; Optimization Technique                                           ; Balanced           ; Balanced           ;
; Carry Chain Length                                               ; 70                 ; 70                 ;
; Auto Carry Chains                                                ; On                 ; On                 ;
; Auto Open-Drain Pins                                             ; On                 ; On                 ;
; Perform WYSIWYG Primitive Resynthesis                            ; Off                ; Off                ;
; Auto ROM Replacement                                             ; On                 ; On                 ;
; Auto RAM Replacement                                             ; On                 ; On                 ;
; Auto DSP Block Replacement                                       ; On                 ; On                 ;
; Auto Shift Register Replacement                                  ; Auto               ; Auto               ;
; Allow Shift Register Merging across Hierarchies                  ; Auto               ; Auto               ;
; Auto Clock Enable Replacement                                    ; On                 ; On                 ;
; Strict RAM Replacement                                           ; Off                ; Off                ;
; Allow Synchronous Control Signals                                ; On                 ; On                 ;
; Force Use of Synchronous Clear Signals                           ; Off                ; Off                ;
; Auto RAM Block Balancing                                         ; On                 ; On                 ;
; Auto RAM to Logic Cell Conversion                                ; Off                ; Off                ;
; Auto Resource Sharing                                            ; Off                ; Off                ;
; Allow Any RAM Size For Recognition                               ; Off                ; Off                ;
; Allow Any ROM Size For Recognition                               ; Off                ; Off                ;
; Allow Any Shift Register Size For Recognition                    ; Off                ; Off                ;
; Use LogicLock Constraints during Resource Balancing              ; On                 ; On                 ;
; Ignore translate_off and synthesis_off directives                ; Off                ; Off                ;
; Timing-Driven Synthesis                                          ; On                 ; On                 ;
; Report Parameter Settings                                        ; On                 ; On                 ;
; Report Source Assignments                                        ; On                 ; On                 ;
; Report Connectivity Checks                                       ; On                 ; On                 ;
; Ignore Maximum Fan-Out Assignments                               ; Off                ; Off                ;
; Synchronization Register Chain Length                            ; 2                  ; 2                  ;
; Power Optimization During Synthesis                              ; Normal compilation ; Normal compilation ;
; HDL message level                                                ; Level2             ; Level2             ;
; Suppress Register Optimization Related Messages                  ; Off                ; Off                ;
; Number of Removed Registers Reported in Synthesis Report         ; 5000               ; 5000               ;
; Number of Swept Nodes Reported in Synthesis Report               ; 5000               ; 5000               ;
; Number of Inverted Registers Reported in Synthesis Report        ; 100                ; 100                ;
; Clock MUX Protection                                             ; On                 ; On                 ;
; Auto Gated Clock Conversion                                      ; Off                ; Off                ;
; Block Design Naming                                              ; Auto               ; Auto               ;
; SDC constraint protection                                        ; Off                ; Off                ;
; Synthesis Effort                                                 ; Auto               ; Auto               ;
; Shift Register Replacement - Allow Asynchronous Clear Signal     ; On                 ; On                 ;
; Pre-Mapping Resynthesis Optimization                             ; Off                ; Off                ;
; Analysis & Synthesis Message Level                               ; Medium             ; Medium             ;
; Disable Register Merging Across Hierarchies                      ; Auto               ; Auto               ;
; Resource Aware Inference For Block RAM                           ; On                 ; On                 ;
+------------------------------------------------------------------+--------------------+--------------------+


+------------------------------------------+
; Parallel Compilation                     ;
+----------------------------+-------------+
; Processors                 ; Number      ;
+----------------------------+-------------+
; Number detected on machine ; 4           ;
; Maximum allowed            ; 2           ;
;                            ;             ;
; Average used               ; 1.00        ;
; Maximum used               ; 1           ;
;                            ;             ;
; Usage by Processor         ; % Time Used ;
;     Processor 1            ; 100.0%      ;
+----------------------------+-------------+


+---------------------------------------------------------------------------------------------------+
; Analysis & Synthesis IP Cores Summary                                                             ;
+--------+--------------+---------+--------------+--------------+-----------------+-----------------+
; Vendor ; IP Core Name ; Version ; Release Date ; License Type ; Entity Instance ; IP Include File ;
+--------+--------------+---------+--------------+--------------+-----------------+-----------------+
; Altera ; ALTPLL       ; 18.1    ; N/A          ; N/A          ; |main|pll:inst1 ; pll.v           ;
+--------+--------------+---------+--------------+--------------+-----------------+-----------------+


+-------------------------------+
; Analysis & Synthesis Messages ;
+-------------------------------+
Info: *******************************************************************
Info: Running Quartus Prime Analysis & Synthesis
    Info: Version 18.1.0 Build 625 09/12/2018 SJ Lite Edition
    Info: Processing started: Wed Nov 21 18:40:32 2018
Info: Command: quartus_map --read_settings_files=on --write_settings_files=off TPF00 -c TPF00
Warning (18236): Number of processors has not been specified which may cause overloading on shared machines.  Set the global assignment NUM_PARALLEL_PROCESSORS in your QSF to an appropriate value for best performance.
Info (20030): Parallel compilation is enabled and will use 2 of the 2 processors detected
Info (12021): Found 1 design units, including 1 entities, in source file main.bdf
    Info (12023): Found entity 1: main
Info (12021): Found 1 design units, including 1 entities, in source file vga.v
    Info (12023): Found entity 1: VGA File: C:/Users/Male/Desktop/Electro3/TPF/tpf-team-2/QUARTUS_TPF/VGA.v Line: 2
Info (12021): Found 1 design units, including 1 entities, in source file vsync.v
    Info (12023): Found entity 1: Vsync File: C:/Users/Male/Desktop/Electro3/TPF/tpf-team-2/QUARTUS_TPF/Vsync.v Line: 1
Info (12021): Found 1 design units, including 1 entities, in source file hsync.v
    Info (12023): Found entity 1: Hsync File: C:/Users/Male/Desktop/Electro3/TPF/tpf-team-2/QUARTUS_TPF/Hsync.v Line: 1
Info (12021): Found 1 design units, including 1 entities, in source file rgb.v
    Info (12023): Found entity 1: RGB File: C:/Users/Male/Desktop/Electro3/TPF/tpf-team-2/QUARTUS_TPF/RGB.v Line: 1
Info (12021): Found 1 design units, including 1 entities, in source file pospant.v
    Info (12023): Found entity 1: PosPant File: C:/Users/Male/Desktop/Electro3/TPF/tpf-team-2/QUARTUS_TPF/PosPant.v Line: 1
Info (12021): Found 1 design units, including 1 entities, in source file numto7seg.v
    Info (12023): Found entity 1: NumTo7Seg File: C:/Users/Male/Desktop/Electro3/TPF/tpf-team-2/QUARTUS_TPF/NumTo7Seg.v Line: 1
Info (12021): Found 1 design units, including 1 entities, in source file count2watch.v
    Info (12023): Found entity 1: count2watch File: C:/Users/Male/Desktop/Electro3/TPF/tpf-team-2/QUARTUS_TPF/count2watch.v Line: 1
Info (12021): Found 1 design units, including 1 entities, in source file contadorn.v
    Info (12023): Found entity 1: contadorN File: C:/Users/Male/Desktop/Electro3/TPF/tpf-team-2/QUARTUS_TPF/contadorN.v Line: 1
Info (12021): Found 1 design units, including 1 entities, in source file bin2bcd.v
    Info (12023): Found entity 1: bin2bcd File: C:/Users/Male/Desktop/Electro3/TPF/tpf-team-2/QUARTUS_TPF/bin2bcd.v Line: 1
Info (12021): Found 1 design units, including 1 entities, in source file contador_final.v
    Info (12023): Found entity 1: contador_final File: C:/Users/Male/Desktop/Electro3/TPF/tpf-team-2/QUARTUS_TPF/contador_final.v Line: 5
Info (12021): Found 1 design units, including 1 entities, in source file pll.v
    Info (12023): Found entity 1: pll File: C:/Users/Male/Desktop/Electro3/TPF/tpf-team-2/QUARTUS_TPF/pll.v Line: 39
Info (12021): Found 1 design units, including 1 entities, in source file clock_50m_to_1k.v
    Info (12023): Found entity 1: clock_50M_to_1k File: C:/Users/Male/Desktop/Electro3/TPF/tpf-team-2/QUARTUS_TPF/clock_50M_to_1k.v Line: 1
Info (12127): Elaborating entity "main" for the top level hierarchy
Warning (275011): Block or symbol "contador_final" of instance "inst3" overlaps another block or symbol
Warning (275009): Pin "Nres" not connected
Warning (275009): Pin "Enable" not connected
Info (12128): Elaborating entity "VGA" for hierarchy "VGA:inst"
Info (12128): Elaborating entity "Vsync" for hierarchy "VGA:inst|Vsync:myvsync" File: C:/Users/Male/Desktop/Electro3/TPF/tpf-team-2/QUARTUS_TPF/VGA.v Line: 9
Warning (10230): Verilog HDL assignment warning at Vsync.v(23): truncated value with size 32 to match size of target (21) File: C:/Users/Male/Desktop/Electro3/TPF/tpf-team-2/QUARTUS_TPF/Vsync.v Line: 23
Info (12128): Elaborating entity "Hsync" for hierarchy "VGA:inst|Hsync:myhsync" File: C:/Users/Male/Desktop/Electro3/TPF/tpf-team-2/QUARTUS_TPF/VGA.v Line: 10
Warning (10230): Verilog HDL assignment warning at Hsync.v(22): truncated value with size 32 to match size of target (11) File: C:/Users/Male/Desktop/Electro3/TPF/tpf-team-2/QUARTUS_TPF/Hsync.v Line: 22
Info (12128): Elaborating entity "RGB" for hierarchy "VGA:inst|RGB:myRGB" File: C:/Users/Male/Desktop/Electro3/TPF/tpf-team-2/QUARTUS_TPF/VGA.v Line: 11
Warning (10036): Verilog HDL or VHDL warning at RGB.v(4): object "i" assigned a value but never read File: C:/Users/Male/Desktop/Electro3/TPF/tpf-team-2/QUARTUS_TPF/RGB.v Line: 4
Info (12128): Elaborating entity "pll" for hierarchy "pll:inst1"
Info (12128): Elaborating entity "altpll" for hierarchy "pll:inst1|altpll:altpll_component" File: C:/Users/Male/Desktop/Electro3/TPF/tpf-team-2/QUARTUS_TPF/pll.v Line: 90
Info (12130): Elaborated megafunction instantiation "pll:inst1|altpll:altpll_component" File: C:/Users/Male/Desktop/Electro3/TPF/tpf-team-2/QUARTUS_TPF/pll.v Line: 90
Info (12133): Instantiated megafunction "pll:inst1|altpll:altpll_component" with the following parameter: File: C:/Users/Male/Desktop/Electro3/TPF/tpf-team-2/QUARTUS_TPF/pll.v Line: 90
    Info (12134): Parameter "bandwidth_type" = "AUTO"
    Info (12134): Parameter "clk0_divide_by" = "2000"
    Info (12134): Parameter "clk0_duty_cycle" = "50"
    Info (12134): Parameter "clk0_multiply_by" = "1007"
    Info (12134): Parameter "clk0_phase_shift" = "0"
    Info (12134): Parameter "compensate_clock" = "CLK0"
    Info (12134): Parameter "inclk0_input_frequency" = "20000"
    Info (12134): Parameter "intended_device_family" = "Cyclone IV E"
    Info (12134): Parameter "lpm_hint" = "CBX_MODULE_PREFIX=pll"
    Info (12134): Parameter "lpm_type" = "altpll"
    Info (12134): Parameter "operation_mode" = "NORMAL"
    Info (12134): Parameter "pll_type" = "AUTO"
    Info (12134): Parameter "port_activeclock" = "PORT_UNUSED"
    Info (12134): Parameter "port_areset" = "PORT_UNUSED"
    Info (12134): Parameter "port_clkbad0" = "PORT_UNUSED"
    Info (12134): Parameter "port_clkbad1" = "PORT_UNUSED"
    Info (12134): Parameter "port_clkloss" = "PORT_UNUSED"
    Info (12134): Parameter "port_clkswitch" = "PORT_UNUSED"
    Info (12134): Parameter "port_configupdate" = "PORT_UNUSED"
    Info (12134): Parameter "port_fbin" = "PORT_UNUSED"
    Info (12134): Parameter "port_inclk0" = "PORT_USED"
    Info (12134): Parameter "port_inclk1" = "PORT_UNUSED"
    Info (12134): Parameter "port_locked" = "PORT_UNUSED"
    Info (12134): Parameter "port_pfdena" = "PORT_UNUSED"
    Info (12134): Parameter "port_phasecounterselect" = "PORT_UNUSED"
    Info (12134): Parameter "port_phasedone" = "PORT_UNUSED"
    Info (12134): Parameter "port_phasestep" = "PORT_UNUSED"
    Info (12134): Parameter "port_phaseupdown" = "PORT_UNUSED"
    Info (12134): Parameter "port_pllena" = "PORT_UNUSED"
    Info (12134): Parameter "port_scanaclr" = "PORT_UNUSED"
    Info (12134): Parameter "port_scanclk" = "PORT_UNUSED"
    Info (12134): Parameter "port_scanclkena" = "PORT_UNUSED"
    Info (12134): Parameter "port_scandata" = "PORT_UNUSED"
    Info (12134): Parameter "port_scandataout" = "PORT_UNUSED"
    Info (12134): Parameter "port_scandone" = "PORT_UNUSED"
    Info (12134): Parameter "port_scanread" = "PORT_UNUSED"
    Info (12134): Parameter "port_scanwrite" = "PORT_UNUSED"
    Info (12134): Parameter "port_clk0" = "PORT_USED"
    Info (12134): Parameter "port_clk1" = "PORT_UNUSED"
    Info (12134): Parameter "port_clk2" = "PORT_UNUSED"
    Info (12134): Parameter "port_clk3" = "PORT_UNUSED"
    Info (12134): Parameter "port_clk4" = "PORT_UNUSED"
    Info (12134): Parameter "port_clk5" = "PORT_UNUSED"
    Info (12134): Parameter "port_clkena0" = "PORT_UNUSED"
    Info (12134): Parameter "port_clkena1" = "PORT_UNUSED"
    Info (12134): Parameter "port_clkena2" = "PORT_UNUSED"
    Info (12134): Parameter "port_clkena3" = "PORT_UNUSED"
    Info (12134): Parameter "port_clkena4" = "PORT_UNUSED"
    Info (12134): Parameter "port_clkena5" = "PORT_UNUSED"
    Info (12134): Parameter "port_extclk0" = "PORT_UNUSED"
    Info (12134): Parameter "port_extclk1" = "PORT_UNUSED"
    Info (12134): Parameter "port_extclk2" = "PORT_UNUSED"
    Info (12134): Parameter "port_extclk3" = "PORT_UNUSED"
    Info (12134): Parameter "width_clock" = "5"
Info (12021): Found 1 design units, including 1 entities, in source file db/pll_altpll.v
    Info (12023): Found entity 1: pll_altpll File: C:/Users/Male/Desktop/Electro3/TPF/tpf-team-2/QUARTUS_TPF/db/pll_altpll.v Line: 29
Info (12128): Elaborating entity "pll_altpll" for hierarchy "pll:inst1|altpll:altpll_component|pll_altpll:auto_generated" File: c:/intelfpga_lite/18.1/quartus/libraries/megafunctions/altpll.tdf Line: 897
Info (12128): Elaborating entity "PosPant" for hierarchy "PosPant:inst2"
Info (12128): Elaborating entity "NumTo7Seg" for hierarchy "PosPant:inst2|NumTo7Seg:Disp" File: C:/Users/Male/Desktop/Electro3/TPF/tpf-team-2/QUARTUS_TPF/PosPant.v Line: 25
Info (12128): Elaborating entity "contador_final" for hierarchy "contador_final:inst3"
Warning (10036): Verilog HDL or VHDL warning at contador_final.v(43): object "test_count" assigned a value but never read File: C:/Users/Male/Desktop/Electro3/TPF/tpf-team-2/QUARTUS_TPF/contador_final.v Line: 43
Info (12128): Elaborating entity "contadorN" for hierarchy "contador_final:inst3|contadorN:counter" File: C:/Users/Male/Desktop/Electro3/TPF/tpf-team-2/QUARTUS_TPF/contador_final.v Line: 52
Error (10200): Verilog HDL Conditional Statement error at contadorN.v(25): cannot match operand(s) in the condition to the corresponding edges in the enclosing event control of the always construct File: C:/Users/Male/Desktop/Electro3/TPF/tpf-team-2/QUARTUS_TPF/contadorN.v Line: 25
Warning (10230): Verilog HDL assignment warning at contadorN.v(30): truncated value with size 32 to match size of target (29) File: C:/Users/Male/Desktop/Electro3/TPF/tpf-team-2/QUARTUS_TPF/contadorN.v Line: 30
Warning (10240): Verilog HDL Always Construct warning at contadorN.v(24): inferring latch(es) for variable "count", which holds its previous value in one or more paths through the always construct File: C:/Users/Male/Desktop/Electro3/TPF/tpf-team-2/QUARTUS_TPF/contadorN.v Line: 24
Info (10041): Inferred latch for "count[0]" at contadorN.v(24) File: C:/Users/Male/Desktop/Electro3/TPF/tpf-team-2/QUARTUS_TPF/contadorN.v Line: 24
Info (10041): Inferred latch for "count[1]" at contadorN.v(24) File: C:/Users/Male/Desktop/Electro3/TPF/tpf-team-2/QUARTUS_TPF/contadorN.v Line: 24
Info (10041): Inferred latch for "count[2]" at contadorN.v(24) File: C:/Users/Male/Desktop/Electro3/TPF/tpf-team-2/QUARTUS_TPF/contadorN.v Line: 24
Info (10041): Inferred latch for "count[3]" at contadorN.v(24) File: C:/Users/Male/Desktop/Electro3/TPF/tpf-team-2/QUARTUS_TPF/contadorN.v Line: 24
Info (10041): Inferred latch for "count[4]" at contadorN.v(24) File: C:/Users/Male/Desktop/Electro3/TPF/tpf-team-2/QUARTUS_TPF/contadorN.v Line: 24
Info (10041): Inferred latch for "count[5]" at contadorN.v(24) File: C:/Users/Male/Desktop/Electro3/TPF/tpf-team-2/QUARTUS_TPF/contadorN.v Line: 24
Info (10041): Inferred latch for "count[6]" at contadorN.v(24) File: C:/Users/Male/Desktop/Electro3/TPF/tpf-team-2/QUARTUS_TPF/contadorN.v Line: 24
Info (10041): Inferred latch for "count[7]" at contadorN.v(24) File: C:/Users/Male/Desktop/Electro3/TPF/tpf-team-2/QUARTUS_TPF/contadorN.v Line: 24
Info (10041): Inferred latch for "count[8]" at contadorN.v(24) File: C:/Users/Male/Desktop/Electro3/TPF/tpf-team-2/QUARTUS_TPF/contadorN.v Line: 24
Info (10041): Inferred latch for "count[9]" at contadorN.v(24) File: C:/Users/Male/Desktop/Electro3/TPF/tpf-team-2/QUARTUS_TPF/contadorN.v Line: 24
Info (10041): Inferred latch for "count[10]" at contadorN.v(24) File: C:/Users/Male/Desktop/Electro3/TPF/tpf-team-2/QUARTUS_TPF/contadorN.v Line: 24
Info (10041): Inferred latch for "count[11]" at contadorN.v(24) File: C:/Users/Male/Desktop/Electro3/TPF/tpf-team-2/QUARTUS_TPF/contadorN.v Line: 24
Info (10041): Inferred latch for "count[12]" at contadorN.v(24) File: C:/Users/Male/Desktop/Electro3/TPF/tpf-team-2/QUARTUS_TPF/contadorN.v Line: 24
Info (10041): Inferred latch for "count[13]" at contadorN.v(24) File: C:/Users/Male/Desktop/Electro3/TPF/tpf-team-2/QUARTUS_TPF/contadorN.v Line: 24
Info (10041): Inferred latch for "count[14]" at contadorN.v(24) File: C:/Users/Male/Desktop/Electro3/TPF/tpf-team-2/QUARTUS_TPF/contadorN.v Line: 24
Info (10041): Inferred latch for "count[15]" at contadorN.v(24) File: C:/Users/Male/Desktop/Electro3/TPF/tpf-team-2/QUARTUS_TPF/contadorN.v Line: 24
Info (10041): Inferred latch for "count[16]" at contadorN.v(24) File: C:/Users/Male/Desktop/Electro3/TPF/tpf-team-2/QUARTUS_TPF/contadorN.v Line: 24
Info (10041): Inferred latch for "count[17]" at contadorN.v(24) File: C:/Users/Male/Desktop/Electro3/TPF/tpf-team-2/QUARTUS_TPF/contadorN.v Line: 24
Info (10041): Inferred latch for "count[18]" at contadorN.v(24) File: C:/Users/Male/Desktop/Electro3/TPF/tpf-team-2/QUARTUS_TPF/contadorN.v Line: 24
Info (10041): Inferred latch for "count[19]" at contadorN.v(24) File: C:/Users/Male/Desktop/Electro3/TPF/tpf-team-2/QUARTUS_TPF/contadorN.v Line: 24
Info (10041): Inferred latch for "count[20]" at contadorN.v(24) File: C:/Users/Male/Desktop/Electro3/TPF/tpf-team-2/QUARTUS_TPF/contadorN.v Line: 24
Info (10041): Inferred latch for "count[21]" at contadorN.v(24) File: C:/Users/Male/Desktop/Electro3/TPF/tpf-team-2/QUARTUS_TPF/contadorN.v Line: 24
Info (10041): Inferred latch for "count[22]" at contadorN.v(24) File: C:/Users/Male/Desktop/Electro3/TPF/tpf-team-2/QUARTUS_TPF/contadorN.v Line: 24
Info (10041): Inferred latch for "count[23]" at contadorN.v(24) File: C:/Users/Male/Desktop/Electro3/TPF/tpf-team-2/QUARTUS_TPF/contadorN.v Line: 24
Info (10041): Inferred latch for "count[24]" at contadorN.v(24) File: C:/Users/Male/Desktop/Electro3/TPF/tpf-team-2/QUARTUS_TPF/contadorN.v Line: 24
Info (10041): Inferred latch for "count[25]" at contadorN.v(24) File: C:/Users/Male/Desktop/Electro3/TPF/tpf-team-2/QUARTUS_TPF/contadorN.v Line: 24
Info (10041): Inferred latch for "count[26]" at contadorN.v(24) File: C:/Users/Male/Desktop/Electro3/TPF/tpf-team-2/QUARTUS_TPF/contadorN.v Line: 24
Info (10041): Inferred latch for "count[27]" at contadorN.v(24) File: C:/Users/Male/Desktop/Electro3/TPF/tpf-team-2/QUARTUS_TPF/contadorN.v Line: 24
Info (10041): Inferred latch for "count[28]" at contadorN.v(24) File: C:/Users/Male/Desktop/Electro3/TPF/tpf-team-2/QUARTUS_TPF/contadorN.v Line: 24
Error (12152): Can't elaborate user hierarchy "contador_final:inst3|contadorN:counter" File: C:/Users/Male/Desktop/Electro3/TPF/tpf-team-2/QUARTUS_TPF/contador_final.v Line: 52
Info (144001): Generated suppressed messages file C:/Users/Male/Desktop/Electro3/TPF/tpf-team-2/QUARTUS_TPF/output_files/TPF00.map.smsg
Error: Quartus Prime Analysis & Synthesis was unsuccessful. 2 errors, 10 warnings
    Error: Peak virtual memory: 4743 megabytes
    Error: Processing ended: Wed Nov 21 18:40:57 2018
    Error: Elapsed time: 00:00:25
    Error: Total CPU time (on all processors): 00:00:54


+------------------------------------------+
; Analysis & Synthesis Suppressed Messages ;
+------------------------------------------+
The suppressed messages can be found in C:/Users/Male/Desktop/Electro3/TPF/tpf-team-2/QUARTUS_TPF/output_files/TPF00.map.smsg.


